<?xml version="1.0" encoding="UTF-8"?>
<results>
    <runDir>{{RUNDIR}}</runDir>
    <violationCounts>
        <total>1</total>
        <sev1>1</sev1>
        <sev2>0</sev2>
        <sev3>0</sev3>
        <sev4>0</sev4>
        <sev5>0</sev5>
    </violationCounts>
    <testsuites>
        <testsuite name="throwingEngine" tests="1" errors="1">
            <testcase name="" type="1">
                <failure message="The engine with name 'throwingEngine' threw an unexpected error: SomeErrorMessageFromThrowingEngine">
                </failure>
            </testcase>
        </testsuite>
    </testsuites>